<?xml version="1.0" encoding="UTF-8"?>
<testsuite xmlns:xsi="http://www.w3.org/2001/XMLSchema-instance" xsi:noNamespaceSchemaLocation="https://maven.apache.org/surefire/maven-failsafe-plugin/xsd/failsafe-test-report.xsd" name="Set Supporter Level as Key Supporter and verify the details" time="42.553" tests="1" errors="1" skipped="0" failures="0">
  <properties>
[...]
</properties>
  <testcase name="Login to Salesforce URL and Set Supporter level as Key Supporter" classname="Set Supporter Level as Key Supporter and verify the details" time="42.553">
    <error message="&quot;I retrieve Name, Supporter Level and Levels of service fields under Details Page&quot; matches more than one step definition:&#10;  &quot;^I retrieve (.*) and (.*) fields under Details Page$&quot; in SalesforceStepDefinitions.i_retrieve_details_High_NotApplicablr(String,String)&#10;  &quot;^I retrieve (.*), (.*) and (.*) fields under Details Page$&quot; in SalesforceStepDefinitions.i_retrieve_details(String,String,String)&#10;" type="cucumber.runtime.AmbiguousStepDefinitionsException">cucumber.runtime.AmbiguousStepDefinitionsException: 
"I retrieve Name, Supporter Level and Levels of service fields under Details Page" matches more than one step definition:
  "^I retrieve (.*) and (.*) fields under Details Page$" in SalesforceStepDefinitions.i_retrieve_details_High_NotApplicablr(String,String)
  "^I retrieve (.*), (.*) and (.*) fields under Details Page$" in SalesforceStepDefinitions.i_retrieve_details(String,String,String)

</error>
    <system-out><![CDATA[16:49:04.355 [main] DEBUG n.t.c.u.PropertiesFileLocalPreferences - LOADING LOCAL PROPERTIES FROM C:\Users\bheemk\IdeaProjects\Salesforce\serenity.properties 
16:49:04.370 [main] DEBUG n.t.c.u.PropertiesFileLocalPreferences - LOADING LOCAL PROPERTIES FROM C:\Users\bheemk\IdeaProjects\Salesforce\serenity.properties 
16:49:04.370 [main] DEBUG n.t.c.u.PropertiesFileLocalPreferences - LOADING LOCAL PROPERTIES FROM C:\Users\bheemk\IdeaProjects\Salesforce\serenity.properties 
16:49:04.417 [main] DEBUG n.t.c.u.PropertiesFileLocalPreferences - environments.default.browser.name=chrome;
16:49:04.417 [main] DEBUG n.t.c.u.PropertiesFileLocalPreferences - environments.staging.webdriver.base.url=https://oxfamaus--sprint6dev.cs73.my.salesforce.com/
16:49:04.417 [main] DEBUG n.t.c.u.PropertiesFileLocalPreferences - environments.default.Supporter.API.Password=Oxfam@132
16:49:04.417 [main] DEBUG n.t.c.u.PropertiesFileLocalPreferences - environments.default.Salesforce.password=Oxfam@123
16:49:04.417 [main] DEBUG n.t.c.u.PropertiesFileLocalPreferences - environments.default.Supporter.API.Username=esb_integration
16:49:04.417 [main] DEBUG n.t.c.u.PropertiesFileLocalPreferences - environments.default.Salesforce.username=bheemk@oxfam.org.au.sprint6dev
16:49:04.417 [main] DEBUG n.t.c.u.PropertiesFileLocalPreferences - environments.default.webdriver.base.disable_notifications=--disable-notifications
16:49:04.417 [main] DEBUG n.t.c.u.PropertiesFileLocalPreferences - environments.default.webdriver.chrome.driver=src/test/resources/webdriver/windows/chromedriver.exe
16:49:04.417 [main] DEBUG n.t.c.u.PropertiesFileLocalPreferences - environments.default.Supporter.API.endpoint.online.channel=https://supporters-api-v2-development.au-s1.cloudhub.io/api/v2/supporter/gift
16:49:04.417 [main] DEBUG n.t.c.u.PropertiesFileLocalPreferences - environments.default.webdriver.base.url=https://oxfamaus--sprint6dev.cs73.my.salesforce.com/
16:49:04.417 [main] DEBUG n.t.c.u.PropertiesFileLocalPreferences - environments.prod.webdriver.base.url=https://oxfamaus--sprint6dev.cs73.my.salesforce.com/
16:49:04.417 [main] DEBUG n.t.c.u.PropertiesFileLocalPreferences - environments.dev.webdriver.base.url=https://oxfamaus--sprint6dev.cs73.my.salesforce.com/
16:49:04.417 [main] DEBUG n.t.c.u.PropertiesFileLocalPreferences - environments.default.webdriver.name.chrome=webdriver.chrome.driver
16:49:04.417 [main] DEBUG n.t.c.u.PropertiesFileLocalPreferences - environments.default.JSON.file.path.name.online.channel=src/test/java/RestAPITest/JSONfiles/Supporters_API_Online_Channel.json
16:49:04.433 [main] DEBUG n.t.c.u.PropertiesFileLocalPreferences - serenity.take.screenshots.for.tasks=after_each_step
16:49:04.433 [main] DEBUG n.t.c.u.PropertiesFileLocalPreferences - serenity.take.screenshots.for.questions=after_each_step
16:49:04.433 [main] DEBUG n.t.c.u.PropertiesFileLocalPreferences - serenity.take.screenshots.for.interactions=for_failure
16:49:05.230 [main] DEBUG n.t.c.u.PropertiesFileLocalPreferences - LOADING LOCAL PROPERTIES FROM C:\Users\bheemk\IdeaProjects\Salesforce\serenity.properties 
16:49:05.230 [main] DEBUG n.t.c.u.PropertiesFileLocalPreferences - LOADING LOCAL PROPERTIES FROM C:\Users\bheemk\IdeaProjects\Salesforce\serenity.properties 
16:49:05.230 [main] DEBUG n.t.c.u.PropertiesFileLocalPreferences - LOADING LOCAL PROPERTIES FROM C:\Users\bheemk\IdeaProjects\Salesforce\serenity.properties 
16:49:05.230 [main] DEBUG n.t.c.u.PropertiesFileLocalPreferences - environments.default.browser.name=chrome;
16:49:05.230 [main] DEBUG n.t.c.u.PropertiesFileLocalPreferences - environments.staging.webdriver.base.url=https://oxfamaus--sprint6dev.cs73.my.salesforce.com/
16:49:05.230 [main] DEBUG n.t.c.u.PropertiesFileLocalPreferences - environments.default.Supporter.API.Password=Oxfam@132
16:49:05.230 [main] DEBUG n.t.c.u.PropertiesFileLocalPreferences - environments.default.Salesforce.password=Oxfam@123
16:49:05.230 [main] DEBUG n.t.c.u.PropertiesFileLocalPreferences - environments.default.Supporter.API.Username=esb_integration
16:49:05.230 [main] DEBUG n.t.c.u.PropertiesFileLocalPreferences - environments.default.Salesforce.username=bheemk@oxfam.org.au.sprint6dev
16:49:05.230 [main] DEBUG n.t.c.u.PropertiesFileLocalPreferences - environments.default.webdriver.base.disable_notifications=--disable-notifications
16:49:05.230 [main] DEBUG n.t.c.u.PropertiesFileLocalPreferences - environments.default.webdriver.chrome.driver=src/test/resources/webdriver/windows/chromedriver.exe
16:49:05.230 [main] DEBUG n.t.c.u.PropertiesFileLocalPreferences - environments.default.Supporter.API.endpoint.online.channel=https://supporters-api-v2-development.au-s1.cloudhub.io/api/v2/supporter/gift
16:49:05.230 [main] DEBUG n.t.c.u.PropertiesFileLocalPreferences - environments.default.webdriver.base.url=https://oxfamaus--sprint6dev.cs73.my.salesforce.com/
16:49:05.230 [main] DEBUG n.t.c.u.PropertiesFileLocalPreferences - environments.prod.webdriver.base.url=https://oxfamaus--sprint6dev.cs73.my.salesforce.com/
16:49:05.230 [main] DEBUG n.t.c.u.PropertiesFileLocalPreferences - environments.dev.webdriver.base.url=https://oxfamaus--sprint6dev.cs73.my.salesforce.com/
16:49:05.230 [main] DEBUG n.t.c.u.PropertiesFileLocalPreferences - environments.default.webdriver.name.chrome=webdriver.chrome.driver
16:49:05.230 [main] DEBUG n.t.c.u.PropertiesFileLocalPreferences - environments.default.JSON.file.path.name.online.channel=src/test/java/RestAPITest/JSONfiles/Supporters_API_Online_Channel.json
16:49:05.230 [main] DEBUG n.t.c.u.PropertiesFileLocalPreferences - serenity.take.screenshots.for.tasks=after_each_step
16:49:05.230 [main] DEBUG n.t.c.u.PropertiesFileLocalPreferences - serenity.take.screenshots.for.questions=after_each_step
16:49:05.230 [main] DEBUG n.t.c.u.PropertiesFileLocalPreferences - serenity.take.screenshots.for.interactions=for_failure
16:49:05.261 [main] INFO  n.t.c.steps.ConsoleLoggingListener - 

-------------------------------------------------------------------------------------
     _______. _______ .______       _______ .__   __.  __  .___________.____    ____ 
    /       ||   ____||   _  \     |   ____||  \ |  | |  | |           |\   \  /   / 
   |   (----`|  |__   |  |_)  |    |  |__   |   \|  | |  | `---|  |----` \   \/   /  
    \   \    |   __|  |      /     |   __|  |  . `  | |  |     |  |       \_    _/   
.----)   |   |  |____ |  |\  \----.|  |____ |  |\   | |  |     |  |         |  |     
|_______/    |_______|| _| `._____||_______||__| \__| |__|     |__|         |__|    
                                                                                     
 News and tutorials at http://www.serenity-bdd.info                                  
 Documentation at https://wakaleo.gitbooks.io/the-serenity-book/content/             
 Join the Serenity Community on Rocket Chat at https://serenity-bdd.rocket.chat      
 Serenity BDD Support and Training at http://serenity-bdd.info/#/trainingandsupport  
 Learn Serenity BDD online at http://serenity-dojo.com                               
-------------------------------------------------------------------------------------

16:49:05.323 [main] DEBUG n.thucydides.core.steps.StepEventBus - Test suite started for story net.thucydides.core.model.Story@a0df01b
16:49:05.355 [main] INFO  n.t.c.steps.ConsoleLoggingListener - Test Suite Started: Set Supporter Level as Key Supporter and verify the details
16:49:06.183 [pool-1-thread-1] INFO  n.t.c.steps.ConsoleLoggingListener - 
 _____ _____ ____ _____   ____ _____  _    ____ _____ _____ ____  
|_   _| ____/ ___|_   _| / ___|_   _|/ \  |  _ \_   _| ____|  _ \ 
  | | |  _| \___ \ | |   \___ \ | | / _ \ | |_) || | |  _| | | | |
  | | | |___ ___) || |    ___) || |/ ___ \|  _ < | | | |___| |_| |
  |_| |_____|____/ |_|   |____/ |_/_/   \_\_| \_\|_| |_____|____/ 
                                                                  

TEST STARTED: Login to Salesforce URL and Set Supporter level as Key Supporter
-------------------------------------------------------------------(set-supporter-level-as-key-supporter-and-verify-the-details;login-to-salesforce-url-and-set-supporter-level-as-key-supporter)
16:49:06.261 [pool-1-thread-1] DEBUG n.t.core.requirements.RootDirectory - Resource directories found in  in 31 ms: [src\test\resources]
16:49:06.292 [pool-1-thread-1] DEBUG n.t.core.requirements.RootDirectory - Resource directories found in C:\Users\bheemk\IdeaProjects\Salesforce in 16 ms: [C:\Users\bheemk\IdeaProjects\Salesforce\src\test\resources]
16:49:06.370 [pool-1-thread-1] DEBUG n.t.c.r.m.cucumber.CucumberParser - Found no Cucumber 4.x.x class cucumber.runtime.model.FeatureLoader try Cucumber 2.x.x 
16:49:06.386 [pool-1-thread-1] DEBUG n.t.c.r.m.cucumber.CucumberParser - Found no Cucumber 4.x.x class cucumber.runtime.model.FeatureLoader try Cucumber 2.x.x 
16:49:06.401 [pool-1-thread-1] DEBUG n.t.c.r.m.cucumber.CucumberParser - Found no Cucumber 4.x.x class cucumber.runtime.model.FeatureLoader try Cucumber 2.x.x 
16:49:06.401 [pool-1-thread-1] DEBUG n.t.c.r.m.cucumber.CucumberParser - Found no Cucumber 4.x.x class cucumber.runtime.model.FeatureLoader try Cucumber 2.x.x 
16:49:06.401 [pool-1-thread-1] DEBUG n.t.c.r.m.cucumber.CucumberParser - Found no Cucumber 4.x.x class cucumber.runtime.model.FeatureLoader try Cucumber 2.x.x 
16:49:06.433 [pool-1-thread-1] DEBUG n.t.c.r.m.cucumber.CucumberParser - Found no Cucumber 4.x.x class cucumber.runtime.model.FeatureLoader try Cucumber 2.x.x 
16:49:06.433 [pool-1-thread-1] DEBUG n.t.c.r.m.cucumber.CucumberParser - Found no Cucumber 4.x.x class cucumber.runtime.model.FeatureLoader try Cucumber 2.x.x 
16:49:06.448 [pool-1-thread-1] DEBUG n.t.c.r.m.cucumber.CucumberParser - Found no Cucumber 4.x.x class cucumber.runtime.model.FeatureLoader try Cucumber 2.x.x 
Feature: Set Supporter Level as Key Supporter and verify the details
  As a Salesforce user, login to Salesforce and set Supporter Level as
  "Key Supporter" and Verify the details

  Scenario Outline: Login to Salesforce URL and Set Supporter level as Key Supporter &amp#27;[90m# src/test/resources/features/KeySupporterLevelA.feature:5&amp#27;[0m
    &amp#27;[36mGiven I login to Salesforce URL&amp#27;[0m
    &amp#27;[36mWhen I click on Contacts Page&amp#27;[0m
    &amp#27;[36mAnd I enter following details under New Contact Page:&amp#27;[0m
    &amp#27;[36mAnd I select Key Supporter under Supporter level&amp#27;[0m
    &amp#27;[36mAnd I select Levels of service as A&amp#27;[0m
    &amp#27;[36mAnd I click on Save Button&amp#27;[0m
    &amp#27;[36mAnd I click on Details Tab&amp#27;[0m
    &amp#27;[36mAnd I retrieve Name, Supporter Level and Levels of service fields under Details Page&amp#27;[0m
    &amp#27;[36mThen I Verify Name and Supporter Level fields under Details page&amp#27;[0m

    Examples: 

  Scenario Outline: Login to Salesforce URL and Set Supporter level as Key Supporter     &amp#27;[90m# src/test/resources/features/KeySupporterLevelA.feature:20&amp#27;[0m
16:49:49.061 [pool-1-thread-1] DEBUG n.t.core.reports.ReportService - Reporting formats: [JSON, HTML]
16:49:49.449 [pool-1-thread-1] DEBUG n.t.core.reports.ReportService - Reporting formats: [JSON, HTML]
16:49:49.475 [pool-1-thread-1] DEBUG n.t.core.reports.ReportService - Generating reports for 1 test outcomes using: net.thucydides.core.reports.json.JSONTestOutcomeReporter@7395876c
16:49:49.492 [pool-1-thread-1] DEBUG n.t.c.r.j.JUnitXMLOutcomeReporter - GENERATING JUNIT REPORTS
16:49:49.546 [pool-1-thread-1] DEBUG n.t.core.reports.ReportService - Processing test outcome Set Supporter Level as Key Supporter and verify the details:Login to Salesforce URL and Set Supporter level as Key Supporter
16:49:49.546 [pool-1-thread-1] DEBUG n.t.core.reports.ReportService - net.thucydides.core.reports.json.JSONTestOutcomeReporter@7395876c: Generating report for test outcome: Set Supporter Level as Key Supporter and verify the details:Login to Salesforce URL and Set Supporter level as Key Supporter
16:49:49.560 [pool-1-thread-1] DEBUG n.t.c.r.json.JSONTestOutcomeReporter - Generating JSON report for Login to Salesforce URL and Set Supporter level as Key Supporter to file C:\Users\bheemk\IdeaProjects\Salesforce\target\site\serenity\2733bd82f0f8ad567819634e3a10338b7dcc270c9e2fb03f4ae618902fb7bdc4.json (using temp file C:\Users\bheemk\IdeaProjects\Salesforce\target\site\serenity\2733bd82f0f8ad567819634e3a10338b7dcc270c9e2fb03f4ae618902fb7bdc4.jsonb41459a6-c784-4cfe-a7ee-a6de7ad1f43b)
16:49:49.671 [pool-1-thread-1] DEBUG n.t.core.reports.ReportService - Processing test outcome Set Supporter Level as Key Supporter and verify the details:Login to Salesforce URL and Set Supporter level as Key Supporter done
16:49:50.149 [pool-1-thread-1] DEBUG n.t.core.reports.ReportService - Shutting down executor service
16:49:50.149 [pool-1-thread-1] DEBUG n.t.core.reports.ReportService - Reports generated in: 659 ms
16:49:50.149 [pool-1-thread-1] DEBUG n.t.core.reports.ReportService - Generating reports for 1 test outcomes using: net.thucydides.core.reports.html.HtmlAcceptanceTestReporter@4e0e0305
16:49:50.149 [pool-1-thread-1] DEBUG n.t.c.r.j.JUnitXMLOutcomeReporter - GENERATING JUNIT REPORTS
16:49:50.172 [pool-2-thread-1] DEBUG n.t.core.reports.ReportService - Processing test outcome Set Supporter Level as Key Supporter and verify the details:Login to Salesforce URL and Set Supporter level as Key Supporter
16:49:50.173 [pool-2-thread-1] DEBUG n.t.core.reports.ReportService - net.thucydides.core.reports.html.HtmlAcceptanceTestReporter@4e0e0305: Generating report for test outcome: Set Supporter Level as Key Supporter and verify the details:Login to Salesforce URL and Set Supporter level as Key Supporter
16:49:50.174 [pool-2-thread-1] DEBUG n.t.c.r.h.HtmlAcceptanceTestReporter - GENERATE TEST OUTCOME REPORT FOR Login to Salesforce URL and Set Supporter level as Key Supporter in 2733bd82f0f8ad567819634e3a10338b7dcc270c9e2fb03f4ae618902fb7bdc4
16:49:50.210 [pool-2-thread-1] DEBUG n.t.c.r.m.cucumber.CucumberParser - Found no Cucumber 4.x.x class cucumber.runtime.model.FeatureLoader try Cucumber 2.x.x 
16:49:50.216 [pool-2-thread-1] DEBUG n.t.c.r.m.cucumber.CucumberParser - Found no Cucumber 4.x.x class cucumber.runtime.model.FeatureLoader try Cucumber 2.x.x 
16:49:50.219 [pool-2-thread-1] DEBUG n.t.c.r.m.cucumber.CucumberParser - Found no Cucumber 4.x.x class cucumber.runtime.model.FeatureLoader try Cucumber 2.x.x 
16:49:50.223 [pool-2-thread-1] DEBUG n.t.c.r.m.cucumber.CucumberParser - Found no Cucumber 4.x.x class cucumber.runtime.model.FeatureLoader try Cucumber 2.x.x 
16:49:50.227 [pool-2-thread-1] DEBUG n.t.c.r.m.cucumber.CucumberParser - Found no Cucumber 4.x.x class cucumber.runtime.model.FeatureLoader try Cucumber 2.x.x 
16:49:50.244 [pool-2-thread-1] DEBUG n.t.c.r.m.cucumber.CucumberParser - Found no Cucumber 4.x.x class cucumber.runtime.model.FeatureLoader try Cucumber 2.x.x 
16:49:50.252 [pool-2-thread-1] DEBUG n.t.c.r.m.cucumber.CucumberParser - Found no Cucumber 4.x.x class cucumber.runtime.model.FeatureLoader try Cucumber 2.x.x 
16:49:50.257 [pool-2-thread-1] DEBUG n.t.c.r.m.cucumber.CucumberParser - Found no Cucumber 4.x.x class cucumber.runtime.model.FeatureLoader try Cucumber 2.x.x 
16:49:50.258 [pool-2-thread-1] DEBUG n.t.c.r.RequirementsTagProvider -  found:[Requirement{name='Set Supporter Level as High Value and verify the details', type='feature' parent = 'null', cardNumber='null'}, Requirement{name='Set Supporter Level as Key Supporter and verify the details', type='feature' parent = 'null', cardNumber='null'}, Requirement{name='Salesforce login', type='feature' parent = 'null', cardNumber='null'}, Requirement{name='Calculator', type='feature' parent = 'null', cardNumber='null'}]
16:49:50.272 [pool-2-thread-1] DEBUG n.t.c.r.BaseRequirementsService - Requirement found for test outcome Login to Salesforce URL and Set Supporter level as Key Supporter-[]: Optional[Requirement{name='Set Supporter Level as Key Supporter and verify the details', type='feature' parent = 'null', cardNumber='null'}]
16:49:50.276 [pool-2-thread-1] DEBUG n.t.c.r.BaseRequirementsService - Requirement found for test outcome Login to Salesforce URL and Set Supporter level as Key Supporter-[]: Optional[Requirement{name='Set Supporter Level as Key Supporter and verify the details', type='feature' parent = 'null', cardNumber='null'}]
16:49:50.456 [pool-2-thread-1] DEBUG n.t.c.r.h.HtmlAcceptanceTestReporter - GENERATING HTML REPORT FOR Set Supporter Level as Key Supporter and verify the details:Login to Salesforce URL and Set Supporter level as Key Supporter in 2733bd82f0f8ad567819634e3a10338b7dcc270c9e2fb03f4ae618902fb7bdc4.html in directory target\site\serenity  
16:49:50.456 [pool-2-thread-1] DEBUG n.t.c.r.h.HtmlAcceptanceTestReporter - Generating report in 2733bd82f0f8ad567819634e3a10338b7dcc270c9e2fb03f4ae618902fb7bdc4.html
16:49:51.456 [pool-2-thread-1] DEBUG n.t.c.r.h.HtmlAcceptanceTestReporter - Generated report 2733bd82f0f8ad567819634e3a10338b7dcc270c9e2fb03f4ae618902fb7bdc4.html in 1000 ms
16:49:51.456 [pool-2-thread-1] DEBUG n.t.core.reports.ReportService - Processing test outcome Set Supporter Level as Key Supporter and verify the details:Login to Salesforce URL and Set Supporter level as Key Supporter done
16:49:51.456 [pool-1-thread-1] DEBUG n.t.core.reports.ReportService - Shutting down executor service
16:49:51.456 [pool-1-thread-1] DEBUG n.t.core.reports.ReportService - Reports generated in: 1307 ms

&amp#27;[31mAmbiguous scenarios:&amp#27;[0m
&amp#27;[31msrc/test/resources/features/KeySupporterLevelA.feature:20 &amp#27;[0m# Login to Salesforce URL and Set Supporter level as Key Supporter

1 Scenarios (&amp#27;[31m1 ambiguous&amp#27;[0m)
9 Steps (&amp#27;[31m1 ambiguous&amp#27;[0m, &amp#27;[36m1 skipped&amp#27;[0m, &amp#27;[32m7 passed&amp#27;[0m)
0m44.097s

cucumber.runtime.AmbiguousStepDefinitionsException: "I retrieve Name, Supporter Level and Levels of service fields under Details Page" matches more than one step definition:
  "^I retrieve (.*) and (.*) fields under Details Page$" in SalesforceStepDefinitions.i_retrieve_details_High_NotApplicablr(String,String)
  "^I retrieve (.*), (.*) and (.*) fields under Details Page$" in SalesforceStepDefinitions.i_retrieve_details(String,String,String)

	at cucumber.runtime.RuntimeGlue.stepDefinitionMatch(RuntimeGlue.java:80)
	at cucumber.runner.Runner.addTestStepsForPickleSteps(Runner.java:111)
	at cucumber.runner.Runner.createTestCaseForPickle(Runner.java:99)
	at cucumber.runner.Runner.runPickle(Runner.java:79)
	at cucumber.runtime.junit.PickleRunners$NoStepDescriptions.run(PickleRunners.java:140)
	at cucumber.runtime.junit.FeatureRunner.runChild(FeatureRunner.java:68)
	at cucumber.runtime.junit.FeatureRunner.runChild(FeatureRunner.java:23)
	at org.junit.runners.ParentRunner$3.run(ParentRunner.java:290)
	at org.junit.runners.ParentRunner$1.schedule(ParentRunner.java:71)
	at org.junit.runners.ParentRunner.runChildren(ParentRunner.java:288)
	at org.junit.runners.ParentRunner.access$000(ParentRunner.java:58)
	at org.junit.runners.ParentRunner$2.evaluate(ParentRunner.java:268)
	at org.junit.runners.ParentRunner.run(ParentRunner.java:363)
	at cucumber.runtime.junit.FeatureRunner.run(FeatureRunner.java:73)
	at cucumber.api.junit.Cucumber.runChild(Cucumber.java:118)
	at cucumber.api.junit.Cucumber.runChild(Cucumber.java:56)
	at org.junit.runners.ParentRunner$3.run(ParentRunner.java:290)
	at org.apache.maven.surefire.junitcore.pc.Scheduler$1.run(Scheduler.java:410)
	at org.apache.maven.surefire.junitcore.pc.InvokerStrategy.schedule(InvokerStrategy.java:54)
	at org.apache.maven.surefire.junitcore.pc.Scheduler.schedule(Scheduler.java:367)
	at org.junit.runners.ParentRunner.runChildren(ParentRunner.java:288)
	at org.junit.runners.ParentRunner.access$000(ParentRunner.java:58)
	at org.junit.runners.ParentRunner$2.evaluate(ParentRunner.java:268)
	at cucumber.api.junit.Cucumber$1.evaluate(Cucumber.java:127)
	at org.junit.runners.ParentRunner.run(ParentRunner.java:363)
	at org.junit.runners.Suite.runChild(Suite.java:128)
	at org.junit.runners.Suite.runChild(Suite.java:27)
	at org.junit.runners.ParentRunner$3.run(ParentRunner.java:290)
	at org.apache.maven.surefire.junitcore.pc.Scheduler$1.run(Scheduler.java:410)
	at java.base/java.util.concurrent.Executors$RunnableAdapter.call(Executors.java:515)
	at java.base/java.util.concurrent.FutureTask.run(FutureTask.java:264)
	at java.base/java.util.concurrent.ThreadPoolExecutor.runWorker(ThreadPoolExecutor.java:1128)
	at java.base/java.util.concurrent.ThreadPoolExecutor$Worker.run(ThreadPoolExecutor.java:628)
	at java.base/java.lang.Thread.run(Thread.java:835)

16:49:12.700 [pool-1-thread-1] DEBUG n.t.core.steps.StepInterceptor - STARTING STEP: SalesforceStepDefinitions.i_login_to_Salesforce_URL - Open the Salesforce home page
16:49:23.916 [pool-1-thread-1] DEBUG n.t.core.steps.StepInterceptor - STEP DONE: Open the Salesforce home page
    &amp#27;[32mGiven &amp#27;[0m&amp#27;[32mI login to Salesforce URL&amp#27;[0m                                                      &amp#27;[90m# SalesforceStepDefinitions.i_login_to_Salesforce_URL()&amp#27;[0m
    &amp#27;[32mWhen &amp#27;[0m&amp#27;[32mI click on Contacts Page&amp#27;[0m                                                        &amp#27;[90m# SalesforceStepDefinitions.i_click_on_contacts_page()&amp#27;[0m
    &amp#27;[32mAnd &amp#27;[0m&amp#27;[32mI enter following details under New Contact Page:&amp#27;[0m                                &amp#27;[90m# SalesforceStepDefinitions.i_enter_details(DataTable)&amp#27;[0m
    &amp#27;[32mAnd &amp#27;[0m&amp#27;[32mI select &amp#27;[0m&amp#27;[32m&amp#27;[1mKey Supporter&amp#27;[0m&amp#27;[32m under Supporter level&amp#27;[0m                                     &amp#27;[90m# SalesforceStepDefinitions.i_select(String)&amp#27;[0m
    &amp#27;[32mAnd &amp#27;[0m&amp#27;[32mI select &amp#27;[0m&amp#27;[32m&amp#27;[1mLevels of service&amp#27;[0m&amp#27;[32m as &amp#27;[0m&amp#27;[32m&amp#27;[1mA&amp#27;[0m                                                  &amp#27;[90m# SalesforceStepDefinitions.i_select_levels_of_service(String,String)&amp#27;[0m
    &amp#27;[32mAnd &amp#27;[0m&amp#27;[32mI click on &amp#27;[0m&amp#27;[32m&amp#27;[1mSave&amp#27;[0m&amp#27;[32m Button&amp#27;[0m                                                           &amp#27;[90m# SalesforceStepDefinitions.i_click_on_button(String)&amp#27;[0m
    &amp#27;[32mAnd &amp#27;[0m&amp#27;[32mI click on &amp#27;[0m&amp#27;[32m&amp#27;[1mDetails&amp#27;[0m&amp#27;[32m Tab&amp#27;[0m                                                           &amp#27;[90m# SalesforceStepDefinitions.i_click_on_tab(String)&amp#27;[0m
    &amp#27;[31mAnd &amp#27;[0m&amp#27;[31mI retrieve Name, Supporter Level and Levels of service fields under Details Page&amp#27;[0m &amp#27;[90m# null&amp#27;[0m
      &amp#27;[31mcucumber.runtime.AmbiguousStepDefinitionsException: "I retrieve Name, Supporter Level and Levels of service fields under Details Page" matches more than one step definition:
  "^I retrieve (.*) and (.*) fields under Details Page$" in SalesforceStepDefinitions.i_retrieve_details_High_NotApplicablr(String,String)
  "^I retrieve (.*), (.*) and (.*) fields under Details Page$" in SalesforceStepDefinitions.i_retrieve_details(String,String,String)

	at cucumber.runtime.RuntimeGlue.stepDefinitionMatch(RuntimeGlue.java:80)
	at cucumber.runner.Runner.addTestStepsForPickleSteps(Runner.java:111)
	at cucumber.runner.Runner.createTestCaseForPickle(Runner.java:99)
	at cucumber.runner.Runner.runPickle(Runner.java:79)
	at cucumber.runtime.junit.PickleRunners$NoStepDescriptions.run(PickleRunners.java:140)
	at cucumber.runtime.junit.FeatureRunner.runChild(FeatureRunner.java:68)
	at cucumber.runtime.junit.FeatureRunner.runChild(FeatureRunner.java:23)
	at org.junit.runners.ParentRunner$3.run(ParentRunner.java:290)
	at org.junit.runners.ParentRunner$1.schedule(ParentRunner.java:71)
	at org.junit.runners.ParentRunner.runChildren(ParentRunner.java:288)
	at org.junit.runners.ParentRunner.access$000(ParentRunner.java:58)
	at org.junit.runners.ParentRunner$2.evaluate(ParentRunner.java:268)
	at org.junit.runners.ParentRunner.run(ParentRunner.java:363)
	at cucumber.runtime.junit.FeatureRunner.run(FeatureRunner.java:73)
	at cucumber.api.junit.Cucumber.runChild(Cucumber.java:118)
	at cucumber.api.junit.Cucumber.runChild(Cucumber.java:56)
	at org.junit.runners.ParentRunner$3.run(ParentRunner.java:290)
	at org.apache.maven.surefire.junitcore.pc.Scheduler$1.run(Scheduler.java:410)
	at org.apache.maven.surefire.junitcore.pc.InvokerStrategy.schedule(InvokerStrategy.java:54)
	at org.apache.maven.surefire.junitcore.pc.Scheduler.schedule(Scheduler.java:367)
	at org.junit.runners.ParentRunner.runChildren(ParentRunner.java:288)
	at org.junit.runners.ParentRunner.access$000(ParentRunner.java:58)
	at org.junit.runners.ParentRunner$2.evaluate(ParentRunner.java:268)
	at cucumber.api.junit.Cucumber$1.evaluate(Cucumber.java:127)
	at org.junit.runners.ParentRunner.run(ParentRunner.java:363)
	at org.junit.runners.Suite.runChild(Suite.java:128)
	at org.junit.runners.Suite.runChild(Suite.java:27)
	at org.junit.runners.ParentRunner$3.run(ParentRunner.java:290)
	at org.apache.maven.surefire.junitcore.pc.Scheduler$1.run(Scheduler.java:410)
	at java.base/java.util.concurrent.Executors$RunnableAdapter.call(Executors.java:515)
	at java.base/java.util.concurrent.FutureTask.run(FutureTask.java:264)
	at java.base/java.util.concurrent.ThreadPoolExecutor.runWorker(ThreadPoolExecutor.java:1128)
	at java.base/java.util.concurrent.ThreadPoolExecutor$Worker.run(ThreadPoolExecutor.java:628)
	at java.base/java.lang.Thread.run(Thread.java:835)
&amp#27;[0m
    &amp#27;[36mThen &amp#27;[0m&amp#27;[36mI Verify Name and Supporter Level fields under Details page&amp#27;[0m                     &amp#27;[90m# SalesforceStepDefinitions.i_verify_details()&amp#27;[0m
16:49:49.039 [pool-1-thread-1] INFO  n.t.c.steps.ConsoleLoggingListener - 
        __    _____ _____ ____ _____   ____   _    ____  ____  _____ ____  
  _     \ \  |_   _| ____/ ___|_   _| |  _ \ / \  / ___|/ ___|| ____|  _ \ 
 (_)_____| |   | | |  _| \___ \ | |   | |_) / _ \ \___ \\___ \|  _| | | | |
  _|_____| |   | | | |___ ___) || |   |  __/ ___ \ ___) |___) | |___| |_| |
 (_)     | |   |_| |_____|____/ |_|   |_| /_/   \_\____/|____/|_____|____/ 
        /_/                                                                

TEST PASSED: Login to Salesforce URL and Set Supporter level as Key Supporter
----------------------------------------------------------------------------
]]></system-out>
    <system-err><![CDATA[Starting ChromeDriver 74.0.3729.6 (255758eccf3d244491b8a1317aa76e1ce10d57e9-refs/branch-heads/3729@{#29}) on port 46808
Only local connections are allowed.
Please protect ports used by ChromeDriver and related test frameworks to prevent access by malicious code.
[1559890150.610][WARNING]: This version of ChromeDriver has not been tested with Chrome version 75.
Jun. 07, 2019 4:49:12 PM org.openqa.selenium.remote.ProtocolHandshake createSession
INFO: Detected dialect: OSS
]]></system-err>
  </testcase>
</testsuite>